<?xml version="1.0" encoding="UTF-8"?>
<testng-results ignored="0" total="2" passed="0" failed="2" skipped="0">
  <reporter-output>
  </reporter-output>
  <suite started-at="2022-10-24T00:51:44 EEST" name="Smoke Test Suite" finished-at="2022-10-24T00:52:25 EEST" duration-ms="41350">
    <groups>
    </groups>
    <test started-at="2022-10-24T00:51:44 EEST" name="Main Page test" finished-at="2022-10-24T00:52:25 EEST" duration-ms="41350">
      <class name="org.example.RegisterUserTest">
        <test-method is-config="true" signature="beforeMethod()[pri:0, instance:org.example.RegisterUserTest@2e2f720]" started-at="2022-10-24T00:51:44 EEST" name="beforeMethod" description="Set up hte browser " finished-at="2022-10-24T00:51:58 EEST" duration-ms="13933" status="PASS">
          <reporter-output>
          </reporter-output>
        </test-method> <!-- beforeMethod -->
        <test-method signature="registerUserTest()[pri:0, instance:org.example.RegisterUserTest@2e2f720]" started-at="2022-10-24T00:51:58 EEST" name="registerUserTest" finished-at="2022-10-24T00:52:22 EEST" duration-ms="24177" status="FAIL">
          <exception class="org.openqa.selenium.TimeoutException">
            <message>
              <![CDATA[Expected condition failed: Element is not visible (tried for 10 second(s) with 1000 milliseconds interval)
Build info: version: '4.4.0', revision: 'e5c75ed026a'
System info: host: 'DESKTOP-DH252H2', ip: '192.168.56.1', os.name: 'Windows 10', os.arch: 'amd64', os.version: '10.0', java.version: '18.0.2'
Driver info: net.bytebuddy.renamed.java.lang.Object$ByteBuddy$mUwBoayG
Capabilities {acceptInsecureCerts: false, browserName: chrome, browserVersion: 106.0.5249.119, chrome: {chromedriverVersion: 106.0.5249.61 (511755355844..., userDataDir: C:\Users\Ivan\AppData\Local...}, goog:chromeOptions: {debuggerAddress: localhost:62416}, networkConnectionEnabled: false, pageLoadStrategy: normal, platformName: WINDOWS, proxy: Proxy(), se:cdp: ws://localhost:62416/devtoo..., se:cdpVersion: 106.0.5249.119, setWindowRect: true, strictFileInteractability: false, timeouts: {implicit: 0, pageLoad: 300000, script: 30000}, unhandledPromptBehavior: dismiss and notify, webauthn:extension:credBlob: true, webauthn:extension:largeBlob: true, webauthn:virtualAuthenticators: true}
Session ID: 8bcf246c7fe916c27deb648b6965f64e]]>
            </message>
            <full-stacktrace>
              <![CDATA[org.openqa.selenium.TimeoutException: Expected condition failed: Element is not visible (tried for 10 second(s) with 1000 milliseconds interval)
Build info: version: '4.4.0', revision: 'e5c75ed026a'
System info: host: 'DESKTOP-DH252H2', ip: '192.168.56.1', os.name: 'Windows 10', os.arch: 'amd64', os.version: '10.0', java.version: '18.0.2'
Driver info: net.bytebuddy.renamed.java.lang.Object$ByteBuddy$mUwBoayG
Capabilities {acceptInsecureCerts: false, browserName: chrome, browserVersion: 106.0.5249.119, chrome: {chromedriverVersion: 106.0.5249.61 (511755355844..., userDataDir: C:\Users\Ivan\AppData\Local...}, goog:chromeOptions: {debuggerAddress: localhost:62416}, networkConnectionEnabled: false, pageLoadStrategy: normal, platformName: WINDOWS, proxy: Proxy(), se:cdp: ws://localhost:62416/devtoo..., se:cdpVersion: 106.0.5249.119, setWindowRect: true, strictFileInteractability: false, timeouts: {implicit: 0, pageLoad: 300000, script: 30000}, unhandledPromptBehavior: dismiss and notify, webauthn:extension:credBlob: true, webauthn:extension:largeBlob: true, webauthn:virtualAuthenticators: true}
Session ID: 8bcf246c7fe916c27deb648b6965f64e
at org.openqa.selenium.support.ui.WebDriverWait.timeoutException(WebDriverWait.java:87)
at org.openqa.selenium.support.ui.FluentWait.until(FluentWait.java:231)
at org.example.utils.WaitUtils.waitElementToDisappear(WaitUtils.java:20)
at org.example.pages.MainPage$RegisterForm.fillResisterForm(MainPage.java:104)
at org.example.pages.MainPage.registerUser(MainPage.java:36)
at org.example.pages.MainPage.registerRandomUser(MainPage.java:72)
at org.example.RegisterUserTest.registerUserTest(RegisterUserTest.java:13)
at java.base/jdk.internal.reflect.DirectMethodHandleAccessor.invoke(DirectMethodHandleAccessor.java:104)
at java.base/java.lang.reflect.Method.invoke(Method.java:577)
at org.testng.internal.invokers.MethodInvocationHelper.invokeMethod(MethodInvocationHelper.java:135)
at org.testng.internal.invokers.TestInvoker.invokeMethod(TestInvoker.java:673)
at org.testng.internal.invokers.TestInvoker.invokeTestMethod(TestInvoker.java:220)
at org.testng.internal.invokers.MethodRunner.runInSequence(MethodRunner.java:50)
at org.testng.internal.invokers.TestInvoker$MethodInvocationAgent.invoke(TestInvoker.java:945)
at org.testng.internal.invokers.TestInvoker.invokeTestMethods(TestInvoker.java:193)
at org.testng.internal.invokers.TestMethodWorker.invokeTestMethods(TestMethodWorker.java:146)
at org.testng.internal.invokers.TestMethodWorker.run(TestMethodWorker.java:128)
at java.base/java.util.concurrent.ThreadPoolExecutor.runWorker(ThreadPoolExecutor.java:1136)
at java.base/java.util.concurrent.ThreadPoolExecutor$Worker.run(ThreadPoolExecutor.java:635)
at java.base/java.lang.Thread.run(Thread.java:833)
]]>
            </full-stacktrace>
          </exception> <!-- org.openqa.selenium.TimeoutException -->
          <reporter-output>
          </reporter-output>
        </test-method> <!-- registerUserTest -->
        <test-method is-config="true" signature="afterMethod()[pri:0, instance:org.example.RegisterUserTest@2e2f720]" started-at="2022-10-24T00:52:22 EEST" name="afterMethod" description="quit the WebDriver" finished-at="2022-10-24T00:52:24 EEST" duration-ms="1684" status="PASS">
          <reporter-output>
          </reporter-output>
        </test-method> <!-- afterMethod -->
      </class> <!-- org.example.RegisterUserTest -->
      <class name="org.example.LoginUserTest">
        <test-method is-config="true" signature="beforeMethod()[pri:0, instance:org.example.LoginUserTest@bd1111a]" started-at="2022-10-24T00:51:44 EEST" name="beforeMethod" description="Set up hte browser " finished-at="2022-10-24T00:51:58 EEST" duration-ms="13921" status="PASS">
          <reporter-output>
          </reporter-output>
        </test-method> <!-- beforeMethod -->
        <test-method signature="loginUserTest()[pri:0, instance:org.example.LoginUserTest@bd1111a]" started-at="2022-10-24T00:51:58 EEST" name="loginUserTest" finished-at="2022-10-24T00:52:24 EEST" duration-ms="26306" status="FAIL">
          <exception class="org.openqa.selenium.TimeoutException">
            <message>
              <![CDATA[Expected condition failed: Element is not visible (tried for 10 second(s) with 1000 milliseconds interval)
Build info: version: '4.4.0', revision: 'e5c75ed026a'
System info: host: 'DESKTOP-DH252H2', ip: '192.168.56.1', os.name: 'Windows 10', os.arch: 'amd64', os.version: '10.0', java.version: '18.0.2'
Driver info: net.bytebuddy.renamed.java.lang.Object$ByteBuddy$8PZG7LlN
Capabilities {acceptInsecureCerts: false, browserName: chrome, browserVersion: 106.0.5249.119, chrome: {chromedriverVersion: 106.0.5249.61 (511755355844..., userDataDir: C:\Users\Ivan\AppData\Local...}, goog:chromeOptions: {debuggerAddress: localhost:62411}, networkConnectionEnabled: false, pageLoadStrategy: normal, platformName: WINDOWS, proxy: Proxy(), se:cdp: ws://localhost:62411/devtoo..., se:cdpVersion: 106.0.5249.119, setWindowRect: true, strictFileInteractability: false, timeouts: {implicit: 0, pageLoad: 300000, script: 30000}, unhandledPromptBehavior: dismiss and notify, webauthn:extension:credBlob: true, webauthn:extension:largeBlob: true, webauthn:virtualAuthenticators: true}
Session ID: 019d61b14d28d1fc69d092f3e571013d]]>
            </message>
            <full-stacktrace>
              <![CDATA[org.openqa.selenium.TimeoutException: Expected condition failed: Element is not visible (tried for 10 second(s) with 1000 milliseconds interval)
Build info: version: '4.4.0', revision: 'e5c75ed026a'
System info: host: 'DESKTOP-DH252H2', ip: '192.168.56.1', os.name: 'Windows 10', os.arch: 'amd64', os.version: '10.0', java.version: '18.0.2'
Driver info: net.bytebuddy.renamed.java.lang.Object$ByteBuddy$8PZG7LlN
Capabilities {acceptInsecureCerts: false, browserName: chrome, browserVersion: 106.0.5249.119, chrome: {chromedriverVersion: 106.0.5249.61 (511755355844..., userDataDir: C:\Users\Ivan\AppData\Local...}, goog:chromeOptions: {debuggerAddress: localhost:62411}, networkConnectionEnabled: false, pageLoadStrategy: normal, platformName: WINDOWS, proxy: Proxy(), se:cdp: ws://localhost:62411/devtoo..., se:cdpVersion: 106.0.5249.119, setWindowRect: true, strictFileInteractability: false, timeouts: {implicit: 0, pageLoad: 300000, script: 30000}, unhandledPromptBehavior: dismiss and notify, webauthn:extension:credBlob: true, webauthn:extension:largeBlob: true, webauthn:virtualAuthenticators: true}
Session ID: 019d61b14d28d1fc69d092f3e571013d
at org.openqa.selenium.support.ui.WebDriverWait.timeoutException(WebDriverWait.java:87)
at org.openqa.selenium.support.ui.FluentWait.until(FluentWait.java:231)
at org.example.utils.WaitUtils.waitElementToDisappear(WaitUtils.java:20)
at org.example.pages.MainPage$RegisterForm.fillResisterForm(MainPage.java:104)
at org.example.pages.MainPage.registerUser(MainPage.java:36)
at org.example.LoginUserTest.loginUserTest(LoginUserTest.java:18)
at java.base/jdk.internal.reflect.DirectMethodHandleAccessor.invoke(DirectMethodHandleAccessor.java:104)
at java.base/java.lang.reflect.Method.invoke(Method.java:577)
at org.testng.internal.invokers.MethodInvocationHelper.invokeMethod(MethodInvocationHelper.java:135)
at org.testng.internal.invokers.TestInvoker.invokeMethod(TestInvoker.java:673)
at org.testng.internal.invokers.TestInvoker.invokeTestMethod(TestInvoker.java:220)
at org.testng.internal.invokers.MethodRunner.runInSequence(MethodRunner.java:50)
at org.testng.internal.invokers.TestInvoker$MethodInvocationAgent.invoke(TestInvoker.java:945)
at org.testng.internal.invokers.TestInvoker.invokeTestMethods(TestInvoker.java:193)
at org.testng.internal.invokers.TestMethodWorker.invokeTestMethods(TestMethodWorker.java:146)
at org.testng.internal.invokers.TestMethodWorker.run(TestMethodWorker.java:128)
at java.base/java.util.concurrent.ThreadPoolExecutor.runWorker(ThreadPoolExecutor.java:1136)
at java.base/java.util.concurrent.ThreadPoolExecutor$Worker.run(ThreadPoolExecutor.java:635)
at java.base/java.lang.Thread.run(Thread.java:833)
]]>
            </full-stacktrace>
          </exception> <!-- org.openqa.selenium.TimeoutException -->
          <reporter-output>
          </reporter-output>
        </test-method> <!-- loginUserTest -->
        <test-method is-config="true" signature="afterMethod()[pri:0, instance:org.example.LoginUserTest@bd1111a]" started-at="2022-10-24T00:52:24 EEST" name="afterMethod" description="quit the WebDriver" finished-at="2022-10-24T00:52:25 EEST" duration-ms="570" status="PASS">
          <reporter-output>
          </reporter-output>
        </test-method> <!-- afterMethod -->
      </class> <!-- org.example.LoginUserTest -->
    </test> <!-- Main Page test -->
  </suite> <!-- Smoke Test Suite -->
</testng-results>
