-------------------------------------------------------------------------------
Test set: TestSuite
-------------------------------------------------------------------------------
Tests run: 2, Failures: 1, Errors: 0, Skipped: 0, Time elapsed: 48.092 s <<< FAILURE! - in TestSuite
registerUserTest(org.example.RegisterUserTest)  Time elapsed: 19.731 s  <<< FAILURE!
org.junit.ComparisonFailure: Something went wrong, user could not log in to the system  expected:<[fals]e> but was:<[tru]e>
	at org.example.RegisterUserTest.registerUserTest(RegisterUserTest.java:16)

