<?xml version="1.0" encoding="UTF-8"?>
<testsuite xmlns:xsi="http://www.w3.org/2001/XMLSchema-instance" xsi:noNamespaceSchemaLocation="https://maven.apache.org/surefire/maven-surefire-plugin/xsd/surefire-test-report.xsd" name="TestSuite" time="48.092" tests="2" errors="0" skipped="0" failures="1">
  <properties>
[...]
</properties>
  <testcase name="registerUserTest" classname="org.example.RegisterUserTest" time="19.731">
    <failure message="Something went wrong, user could not log in to the system  expected:&lt;[fals]e&gt; but was:&lt;[tru]e&gt;" type="org.junit.ComparisonFailure"><![CDATA[org.junit.ComparisonFailure: Something went wrong, user could not log in to the system  expected:<[fals]e> but was:<[tru]e>
	at org.example.RegisterUserTest.registerUserTest(RegisterUserTest.java:16)
]]></failure>
    <system-out><![CDATA[15:20:33.594 [TestNG-test=Main Page test-2] INFO  i.g.bonigarcia.wdm.WebDriverManager - Using chromedriver 106.0.5249.61 (resolved driver for Chrome 106)
15:20:33.594 [TestNG-test=Main Page test-1] INFO  i.g.bonigarcia.wdm.WebDriverManager - Using chromedriver 106.0.5249.61 (resolved driver for Chrome 106)
15:20:33.715 [TestNG-test=Main Page test-1] INFO  i.g.bonigarcia.wdm.WebDriverManager - Exporting webdriver.chrome.driver as C:\Users\Ivan\.cache\selenium\chromedriver\win32\106.0.5249.61\chromedriver.exe
15:20:33.719 [TestNG-test=Main Page test-2] INFO  i.g.bonigarcia.wdm.WebDriverManager - Exporting webdriver.chrome.driver as C:\Users\Ivan\.cache\selenium\chromedriver\win32\106.0.5249.61\chromedriver.exe
15:20:48.383 [TestNG-test=Main Page test-1] INFO  org.example.pages.MainPage - Is about to open Main page
15:20:50.436 [TestNG-test=Main Page test-2] INFO  org.example.pages.MainPage - Is about to open Main page
15:20:52.769 [TestNG-test=Main Page test-1] INFO  org.example.pages.MainPage - Main page has been open
15:20:54.228 [TestNG-test=Main Page test-2] INFO  org.example.pages.MainPage - Main page has been open
15:20:54.439 [TestNG-test=Main Page test-1] INFO  org.example.elements.TextLink - Click onRegister Link text Link
15:20:55.250 [TestNG-test=Main Page test-2] INFO  org.example.elements.TextLink - Click onRegister Link text Link
15:20:56.564 [TestNG-test=Main Page test-1] INFO  org.example.elements.TextField - Element:[User Name] set value :[luisa.ortiz]
15:20:56.792 [TestNG-test=Main Page test-2] INFO  org.example.elements.TextField - Element:[User Name] set value :[bert.dicki]
15:20:58.128 [TestNG-test=Main Page test-2] INFO  org.example.elements.TextField - Element:[User FirstName] set value :[Jack]
15:20:58.297 [TestNG-test=Main Page test-1] INFO  org.example.elements.TextField - Element:[User FirstName] set value :[Ruth]
15:20:59.733 [TestNG-test=Main Page test-1] INFO  org.example.elements.TextField - Element:[User LastName] set value :[Harber]
15:20:59.815 [TestNG-test=Main Page test-2] INFO  org.example.elements.TextField - Element:[User LastName] set value :[Jaskolski]
15:21:00.990 [TestNG-test=Main Page test-2] INFO  org.example.elements.TextField - Element:[User email] set value :[beau.satterfield@yahoo.com]
15:21:01.038 [TestNG-test=Main Page test-1] INFO  org.example.elements.TextField - Element:[User email] set value :[elsa.torp@yahoo.com]
15:21:01.826 [TestNG-test=Main Page test-2] INFO  org.example.elements.TextField - Element:[User password] set value :[g5ru11rw9co]
15:21:01.903 [TestNG-test=Main Page test-1] INFO  org.example.elements.TextField - Element:[User password] set value :[erq71ty9gfquu]
15:21:07.080 [TestNG-test=Main Page test-2] INFO  org.example.elements.TextLink - Click onLogout Link text Link
]]></system-out>
    <system-err><![CDATA[Starting ChromeDriver 106.0.5249.61 (511755355844955cd3e264779baf0dd38212a4d0-refs/branch-heads/5249@{#569}) on port 53550
Only local connections are allowed.
Please see https://chromedriver.chromium.org/security-considerations for suggestions on keeping ChromeDriver safe.
ChromeDriver was started successfully.
Starting ChromeDriver 106.0.5249.61 (511755355844955cd3e264779baf0dd38212a4d0-refs/branch-heads/5249@{#569}) on port 50525
Only local connections are allowed.
Please see https://chromedriver.chromium.org/security-considerations for suggestions on keeping ChromeDriver safe.
ChromeDriver was started successfully.
жовт. 24, 2022 3:20:43 ПП org.openqa.selenium.remote.ProtocolHandshake createSession
INFO: Detected upstream dialect: W3C
жовт. 24, 2022 3:20:43 ПП org.openqa.selenium.remote.ProtocolHandshake createSession
INFO: Detected upstream dialect: W3C
жовт. 24, 2022 3:20:44 ПП org.openqa.selenium.devtools.CdpVersionFinder findNearestMatch
WARNING: Unable to find an exact match for CDP version 106, so returning the closest version found: 104
жовт. 24, 2022 3:20:44 ПП org.openqa.selenium.devtools.CdpVersionFinder findNearestMatch
WARNING: Unable to find an exact match for CDP version 106, so returning the closest version found: 104
жовт. 24, 2022 3:20:44 ПП org.openqa.selenium.devtools.CdpVersionFinder findNearestMatch
INFO: Found CDP implementation for version 106 of 104
жовт. 24, 2022 3:20:44 ПП org.openqa.selenium.devtools.CdpVersionFinder findNearestMatch
INFO: Found CDP implementation for version 106 of 104
]]></system-err>
  </testcase>
  <testcase name="loginUserTest" classname="org.example.LoginUserTest" time="25.604"/>
</testsuite>