{"name":"registerUserTest","status":"broken","statusDetails":{"known":false,"muted":false,"flaky":false,"message":"Expected condition failed: Element is not visible (tried for 10 second(s) with 1000 milliseconds interval)\nBuild info: version: '4.4.0', revision: 'e5c75ed026a'\nSystem info: host: 'DESKTOP-DH252H2', ip: '192.168.56.1', os.name: 'Windows 10', os.arch: 'amd64', os.version: '10.0', java.version: '18.0.2'\nDriver info: net.bytebuddy.renamed.java.lang.Object$ByteBuddy$mUwBoayG\nCapabilities {acceptInsecureCerts: false, browserName: chrome, browserVersion: 106.0.5249.119, chrome: {chromedriverVersion: 106.0.5249.61 (511755355844..., userDataDir: C:\\Users\\Ivan\\AppData\\Local...}, goog:chromeOptions: {debuggerAddress: localhost:62416}, networkConnectionEnabled: false, pageLoadStrategy: normal, platformName: WINDOWS, proxy: Proxy(), se:cdp: ws://localhost:62416/devtoo..., se:cdpVersion: 106.0.5249.119, setWindowRect: true, strictFileInteractability: false, timeouts: {implicit: 0, pageLoad: 300000, script: 30000}, unhandledPromptBehavior: dismiss and notify, webauthn:extension:credBlob: true, webauthn:extension:largeBlob: true, webauthn:virtualAuthenticators: true}\nSession ID: 8bcf246c7fe916c27deb648b6965f64e","trace":"org.openqa.selenium.TimeoutException: Expected condition failed: Element is not visible (tried for 10 second(s) with 1000 milliseconds interval)\nBuild info: version: '4.4.0', revision: 'e5c75ed026a'\nSystem info: host: 'DESKTOP-DH252H2', ip: '192.168.56.1', os.name: 'Windows 10', os.arch: 'amd64', os.version: '10.0', java.version: '18.0.2'\nDriver info: net.bytebuddy.renamed.java.lang.Object$ByteBuddy$mUwBoayG\nCapabilities {acceptInsecureCerts: false, browserName: chrome, browserVersion: 106.0.5249.119, chrome: {chromedriverVersion: 106.0.5249.61 (511755355844..., userDataDir: C:\\Users\\Ivan\\AppData\\Local...}, goog:chromeOptions: {debuggerAddress: localhost:62416}, networkConnectionEnabled: false, pageLoadStrategy: normal, platformName: WINDOWS, proxy: Proxy(), se:cdp: ws://localhost:62416/devtoo..., se:cdpVersion: 106.0.5249.119, setWindowRect: true, strictFileInteractability: false, timeouts: {implicit: 0, pageLoad: 300000, script: 30000}, unhandledPromptBehavior: dismiss and notify, webauthn:extension:credBlob: true, webauthn:extension:largeBlob: true, webauthn:virtualAuthenticators: true}\nSession ID: 8bcf246c7fe916c27deb648b6965f64e\r\n\tat org.openqa.selenium.support.ui.WebDriverWait.timeoutException(WebDriverWait.java:87)\r\n\tat org.openqa.selenium.support.ui.FluentWait.until(FluentWait.java:231)\r\n\tat org.example.utils.WaitUtils.waitElementToDisappear(WaitUtils.java:20)\r\n\tat org.example.pages.MainPage$RegisterForm.fillResisterForm(MainPage.java:104)\r\n\tat org.example.pages.MainPage.registerUser(MainPage.java:36)\r\n\tat org.example.pages.MainPage.registerRandomUser(MainPage.java:72)\r\n\tat org.example.RegisterUserTest.registerUserTest(RegisterUserTest.java:13)\r\n\tat java.base/jdk.internal.reflect.DirectMethodHandleAccessor.invoke(DirectMethodHandleAccessor.java:104)\r\n\tat java.base/java.lang.reflect.Method.invoke(Method.java:577)\r\n\tat org.testng.internal.invokers.MethodInvocationHelper.invokeMethod(MethodInvocationHelper.java:135)\r\n\tat org.testng.internal.invokers.TestInvoker.invokeMethod(TestInvoker.java:673)\r\n\tat org.testng.internal.invokers.TestInvoker.invokeTestMethod(TestInvoker.java:220)\r\n\tat org.testng.internal.invokers.MethodRunner.runInSequence(MethodRunner.java:50)\r\n\tat org.testng.internal.invokers.TestInvoker$MethodInvocationAgent.invoke(TestInvoker.java:945)\r\n\tat org.testng.internal.invokers.TestInvoker.invokeTestMethods(TestInvoker.java:193)\r\n\tat org.testng.internal.invokers.TestMethodWorker.invokeTestMethods(TestMethodWorker.java:146)\r\n\tat org.testng.internal.invokers.TestMethodWorker.run(TestMethodWorker.java:128)\r\n\tat java.base/java.util.concurrent.ThreadPoolExecutor.runWorker(ThreadPoolExecutor.java:1136)\r\n\tat java.base/java.util.concurrent.ThreadPoolExecutor$Worker.run(ThreadPoolExecutor.java:635)\r\n\tat java.base/java.lang.Thread.run(Thread.java:833)\r\n"},"stage":"finished","steps":[{"name":"Open Main Page","status":"passed","stage":"finished","steps":[],"attachments":[],"parameters":[],"start":1666561919155,"stop":1666561923681},{"name":"Fill in Register form with hte user :[User{userName='preston.miller', firstName='Dexter', lastName='Harvey', email='tyesha.von@gmail.com', password='w2lxpf197whj8x7'}]","status":"broken","statusDetails":{"known":false,"muted":false,"flaky":false,"message":"Expected condition failed: Element is not visible (tried for 10 second(s) with 1000 milliseconds interval)\nBuild info: version: '4.4.0', revision: 'e5c75ed026a'\nSystem info: host: 'DESKTOP-DH252H2', ip: '192.168.56.1', os.name: 'Windows 10', os.arch: 'amd64', os.version: '10.0', java.version: '18.0.2'\nDriver info: net.bytebuddy.renamed.java.lang.Object$ByteBuddy$mUwBoayG\nCapabilities {acceptInsecureCerts: false, browserName: chrome, browserVersion: 106.0.5249.119, chrome: {chromedriverVersion: 106.0.5249.61 (511755355844..., userDataDir: C:\\Users\\Ivan\\AppData\\Local...}, goog:chromeOptions: {debuggerAddress: localhost:62416}, networkConnectionEnabled: false, pageLoadStrategy: normal, platformName: WINDOWS, proxy: Proxy(), se:cdp: ws://localhost:62416/devtoo..., se:cdpVersion: 106.0.5249.119, setWindowRect: true, strictFileInteractability: false, timeouts: {implicit: 0, pageLoad: 300000, script: 30000}, unhandledPromptBehavior: dismiss and notify, webauthn:extension:credBlob: true, webauthn:extension:largeBlob: true, webauthn:virtualAuthenticators: true}\nSession ID: 8bcf246c7fe916c27deb648b6965f64e","trace":"org.openqa.selenium.TimeoutException: Expected condition failed: Element is not visible (tried for 10 second(s) with 1000 milliseconds interval)\nBuild info: version: '4.4.0', revision: 'e5c75ed026a'\nSystem info: host: 'DESKTOP-DH252H2', ip: '192.168.56.1', os.name: 'Windows 10', os.arch: 'amd64', os.version: '10.0', java.version: '18.0.2'\nDriver info: net.bytebuddy.renamed.java.lang.Object$ByteBuddy$mUwBoayG\nCapabilities {acceptInsecureCerts: false, browserName: chrome, browserVersion: 106.0.5249.119, chrome: {chromedriverVersion: 106.0.5249.61 (511755355844..., userDataDir: C:\\Users\\Ivan\\AppData\\Local...}, goog:chromeOptions: {debuggerAddress: localhost:62416}, networkConnectionEnabled: false, pageLoadStrategy: normal, platformName: WINDOWS, proxy: Proxy(), se:cdp: ws://localhost:62416/devtoo..., se:cdpVersion: 106.0.5249.119, setWindowRect: true, strictFileInteractability: false, timeouts: {implicit: 0, pageLoad: 300000, script: 30000}, unhandledPromptBehavior: dismiss and notify, webauthn:extension:credBlob: true, webauthn:extension:largeBlob: true, webauthn:virtualAuthenticators: true}\nSession ID: 8bcf246c7fe916c27deb648b6965f64e\r\n\tat org.openqa.selenium.support.ui.WebDriverWait.timeoutException(WebDriverWait.java:87)\r\n\tat org.openqa.selenium.support.ui.FluentWait.until(FluentWait.java:231)\r\n\tat org.example.utils.WaitUtils.waitElementToDisappear(WaitUtils.java:20)\r\n\tat org.example.pages.MainPage$RegisterForm.fillResisterForm(MainPage.java:104)\r\n\tat org.example.pages.MainPage.registerUser(MainPage.java:36)\r\n\tat org.example.pages.MainPage.registerRandomUser(MainPage.java:72)\r\n\tat org.example.RegisterUserTest.registerUserTest(RegisterUserTest.java:13)\r\n\tat java.base/jdk.internal.reflect.DirectMethodHandleAccessor.invoke(DirectMethodHandleAccessor.java:104)\r\n\tat java.base/java.lang.reflect.Method.invoke(Method.java:577)\r\n\tat org.testng.internal.invokers.MethodInvocationHelper.invokeMethod(MethodInvocationHelper.java:135)\r\n\tat org.testng.internal.invokers.TestInvoker.invokeMethod(TestInvoker.java:673)\r\n\tat org.testng.internal.invokers.TestInvoker.invokeTestMethod(TestInvoker.java:220)\r\n\tat org.testng.internal.invokers.MethodRunner.runInSequence(MethodRunner.java:50)\r\n\tat org.testng.internal.invokers.TestInvoker$MethodInvocationAgent.invoke(TestInvoker.java:945)\r\n\tat org.testng.internal.invokers.TestInvoker.invokeTestMethods(TestInvoker.java:193)\r\n\tat org.testng.internal.invokers.TestMethodWorker.invokeTestMethods(TestMethodWorker.java:146)\r\n\tat org.testng.internal.invokers.TestMethodWorker.run(TestMethodWorker.java:128)\r\n\tat java.base/java.util.concurrent.ThreadPoolExecutor.runWorker(ThreadPoolExecutor.java:1136)\r\n\tat java.base/java.util.concurrent.ThreadPoolExecutor$Worker.run(ThreadPoolExecutor.java:635)\r\n\tat java.base/java.lang.Thread.run(Thread.java:833)\r\n"},"stage":"finished","steps":[{"name":"Fill in [User Name], with value: [preston.miller]","status":"passed","stage":"finished","steps":[],"attachments":[],"parameters":[{"name":"value","value":"preston.miller"}],"start":1666561925030,"stop":1666561926524},{"name":"Fill in [User FirstName], with value: [Dexter]","status":"passed","stage":"finished","steps":[],"attachments":[],"parameters":[{"name":"value","value":"Dexter"}],"start":1666561926525,"stop":1666561927666},{"name":"Fill in [User LastName], with value: [Harvey]","status":"passed","stage":"finished","steps":[],"attachments":[],"parameters":[{"name":"value","value":"Harvey"}],"start":1666561927669,"stop":1666561928808},{"name":"Fill in [User email], with value: [tyesha.von@gmail.com]","status":"passed","stage":"finished","steps":[],"attachments":[],"parameters":[{"name":"value","value":"tyesha.von@gmail.com"}],"start":1666561928809,"stop":1666561930059},{"name":"Fill in [User password], with value: [w2lxpf197whj8x7]","status":"passed","stage":"finished","steps":[],"attachments":[],"parameters":[{"name":"value","value":"w2lxpf197whj8x7"}],"start":1666561930060,"stop":1666561931198}],"attachments":[],"parameters":[{"name":"user","value":"User{userName='preston.miller', firstName='Dexter', lastName='Harvey', email='tyesha.von@gmail.com', password='w2lxpf197whj8x7'}"}],"start":1666561925006,"stop":1666561942683}],"attachments":[],"parameters":[],"start":1666561918587,"stop":1666561942693,"uuid":"da08e65a-ab3b-433f-87e1-d4418474028b","historyId":"773521a8944f83f169a5813a86f5dc9e","fullName":"org.example.RegisterUserTest.registerUserTest","labels":[{"name":"package","value":"org.example.RegisterUserTest"},{"name":"testClass","value":"org.example.RegisterUserTest"},{"name":"testMethod","value":"registerUserTest"},{"name":"parentSuite","value":"Smoke Test Suite"},{"name":"suite","value":"Main Page test"},{"name":"subSuite","value":"org.example.RegisterUserTest"},{"name":"host","value":"DESKTOP-DH252H2"},{"name":"thread","value":"6344@DESKTOP-DH252H2.TestNG-test=Main Page test-1(20)"},{"name":"framework","value":"testng"},{"name":"language","value":"java"}],"links":[]}