<?xml version="1.0" encoding="UTF-8"?>
<!-- Generated by org.testng.reporters.JUnitXMLReporter -->
<testsuite ignored="0" hostname="DESKTOP-DH252H2" failures="1" tests="2" name="Main Page test" time="43.145" errors="0" timestamp="2022-10-24T15:21:14 EEST">
  <testcase classname="org.example.RegisterUserTest" name="registerUserTest" time="18.883">
    <failure type="org.junit.ComparisonFailure" message="Something went wrong, user could not log in to the system  expected:&amp;lt;[fals]e&amp;gt; but was:&amp;lt;[tru]e&amp;gt;">
      <![CDATA[org.junit.ComparisonFailure: Something went wrong, user could not log in to the system  expected:<[fals]e> but was:<[tru]e>
at org.example.RegisterUserTest.registerUserTest(RegisterUserTest.java:16)
at java.base/java.util.concurrent.ThreadPoolExecutor.runWorker(ThreadPoolExecutor.java:1136)
at java.base/java.util.concurrent.ThreadPoolExecutor$Worker.run(ThreadPoolExecutor.java:635)
at java.base/java.lang.Thread.run(Thread.java:833)
... Removed 12 stack frames]]>
    </failure>
  </testcase> <!-- registerUserTest -->
  <testcase classname="org.example.LoginUserTest" name="loginUserTest" time="25.596"/>
</testsuite> <!-- Main Page test -->
